--------------------------------------------------------------------------------
      name:  <unnamed>
       log:  D:\Documents\R\Statistics and Econometrics\DurationModelsWithSample
> Selection\bms2006ajps-mkdata.log
  log type:  text
 opened on:  30 Aug 2016, 08:29:15

. /*      **********************************************************************
> **        */
> /*      File Name:      bms2006ajps-mkdata.do                                 
>           */
> /*      Date:           December 06, 2005                                     
>           */
> /*      Author:         Frederick J. Boehmke                                  
>           */
> /*      Purpose:        This file modifies tenure.dta in order to generate the
>  data     */
> /*                      used in bms2006ajps.pdf. tenure.dta is the file with t
> he        */
> /*                      merged data from Chiozza and Goemans's (2003) leader d
> uration   */
> /*                      dataset (version 9) and Bueno de Mesquita and Siverson
> 's        */
> /*                      (1995) original post-war leader survival data set.    
>           */
> /*      Input File:     bms2006ajps-rawdata.dta                               
>           */
> /*      Output File:    bms2006ajps-mkdata.dta, bms2006alps-mkdata.log        
>           */
> /*      Version:        Stata 7 or above.                                     
>           */
> /*      **********************************************************************
> **        */
> 
> use bms2006ajps-rawdata.dta;
(Chiozza & Goemans. Leaders data. Version leaddur9. 23 June 2003)

. summarize;

    Variable |       Obs        Mean    Std. Dev.       Min        Max
-------------+--------------------------------------------------------
      leadid |      5871    1693.391    922.2554         25       3038
     leader2 |         0
       ccode |      5872    384.7125    253.1504          2        950
     eindate |      5871   -4561.912    6061.056     -22402       5824
    eoutdate |      5871   -858.8542    7264.744     -14917      15340
-------------+--------------------------------------------------------
        fail |      5871    .2025209    .4019125          0          1
    natdeath |      5871    .1200818    .3250848          0          1
        year |      5872    1951.252    16.80298       1919       1975
    startobs |      5871    -3153.61    6129.728     -14975       5824
      endobs |      5871   -2864.994    6144.556     -14917       5843
-------------+--------------------------------------------------------
       autoc |      5871    .3128939     .463711          0          1
       mixed |      5871    .3743826    .4840043          0          1
       democ |      5871    .3127236    .4636423          0          1
  parliament |      5871    .2447624    .4299829          0          1
     demparl |      5871    .2149549     .410826          0          1
-------------+--------------------------------------------------------
     dempres |      5871    .0977687    .2970269          0          1
      civwar |      5871    .0430932    .2030842          0          1
     lnencap |      5485   -.9639719    1.890653     -9.055      2.951
    encapchg |      5315    4.062582    22.51552   -367.208    307.161
    lntropen |      5426    -1.61964     1.35438     -9.808      3.966
-------------+--------------------------------------------------------
   tropenchg |      5204    1.979316    44.08484   -878.689    825.807
       lnpop |      5871    8.836936    1.493728      4.804     13.737
        male |      5871    .9948901    .0713065          0          1
         age |      5857    55.61123    11.64904         17        101
    powtimes |      5871    .1739056    .4927831          0          4
-------------+--------------------------------------------------------
      inyear |      5871    1946.979    16.59021       1898       1975
     inmonth |      5871     6.96372    3.512675          1         12
       inday |      5871    13.67297    9.557342          1         31
       inten |      5871   -4561.912    6061.056     -22402       5824
      tenure |      5871   -6513.168    6045.139     -24322       3849
-------------+--------------------------------------------------------
        name |         0
      rnmwar |        77    22.32052    32.37223         .2      122.7
      rdeath |        77    177870.7    890590.7         10    7500000
     rdeadnm |        77    6386.183    19431.05        5.2   160599.6
       rdpop |        77    38.51299    101.5874          0      555.6
-------------+--------------------------------------------------------
       warin |        77    1951.778    16.56044   1919.123   1974.551
      warout |        77    1953.614    16.54716   1919.592   1975.334
      leadin |        77    1946.199    16.88065   1917.855   1974.537
     leadout |        77    1957.134    17.46128   1919.523   1993.196
    leadborn |        77    1896.165    20.83147     1855.5     1935.5
-------------+--------------------------------------------------------
     rnoncon |        77    .1558442     .365086          0          1
       rinit |        77    .3116883    .4662205          0          1
        rwin |        77    .4805195    .5028966          0          1
     rtarget |        77    .2467532    .4339489          0          1
        coup |        77    .6103896    1.053264          0          4
-------------+--------------------------------------------------------
         leg |        57    1.754386    1.056962          0          3
          fi |        77           0           0          0          0
       rcoal |        77    .4805195    .5028966          0          1
          n1 |        77    161.1169    31.27424        107        228
        draw |        77    .0649351    1.004433         -1          1
-------------+--------------------------------------------------------
        demo |        77    4.376623    3.927095          0         10
        iwin |        77    .3376623    .4760139          0          1
       ilose |        77    .1818182    .3882238          0          1
        twin |        77    .1948052    .3986477          0          1
       tlose |        77    .2857143    .4547163          0          1
-------------+--------------------------------------------------------
       demot |        77    .8311688    .9090567          0          2
       onset |        77    .5584416    .4998291          0          1
         dio |        77    .7142857    .4547163          0          1
         tie |        77           0           0          0          0
         ten |        77    5.578423    6.321571          0   27.15076
-------------+--------------------------------------------------------
        demd |        77    .3506494    .4803024          0          1
      rdpopl |        77    1.790418    1.780019          0   6.321847
      leader |         0
       wsurv |        77    5.357483    6.345304       .001   25.77004
        ncon |        77    1.207792     .546223          1          4
-------------+--------------------------------------------------------
        tenl |        77    1.431944    .9745431          0   3.337574
       surv1 |        77    5.356483    6.345304          0   25.76904
        surv |        77    5.356483    6.345304          0   25.76904
        cens |        77    .3116883    .4662205          0          1
      tendem |        77    .3635031    .6716844          0   2.783651
-------------+--------------------------------------------------------
       _surv |        77    .5157743    .2766283   .0662156   .9895288
      _vlogs |        77    .0130604    .0194774   .0000554   .1245826
    logt_adj |        77   -.5984477    1.935022  -8.136562   2.020406
     loglogs |        77   -.6357222     1.17596  -4.553866   .9987326
        logt |        77    .6303595    1.935022  -6.907755   3.249213
-------------+--------------------------------------------------------
        test |        77    1.034757    2.768089          0   15.17798
       test1 |        77    5.366483    6.345304        .01   25.77904
       losed |        77    .1038961    .3071266          0          1
       losea |        77    .4155844    .4960542          0          1
        lose |        77    .5194805    .5028966          0          1
-------------+--------------------------------------------------------
      select |        77           1           0          1          1
        link |        77    40.58442    37.08005          0        110
         cap |      5868    .0121495     .034623    .000014    .380213
      majpow |      5871    .0757963    .2646944          0          1
     stateab |         0
-------------+--------------------------------------------------------
       total |      5508    5.260349    2.925833          1         20
        land |      5508    3.251452    2.160222          0         13
         sea |      5508    2.008896    2.097001          0         10
      nondem |      5871    .6872764    .4636423          0          1
    autocten |      5871   -4513.759    5840.927     -24322       3839

.         /********************************************************/
>         /* Generate the selection into war variable.            */
>         /********************************************************/
> 
> generat enter = 0;

. replace enter = 1 if wsurv > 0 & wsurv != .;
(77 real changes made)

.         /********************************************************/
>         /* Note that dio (died in office) is coded 0 if leader  */
>         /* dies in office since Stata's stset command wants     */
>         /* this variable equal to 1 if an observation fails. We */
>         /* stuck with BDMS coding, despite its odd semantics.   */
>         /* Generate rtcensor for the DURSEL model.              */
>         /********************************************************/
> 
> generate rtcensor = 1 - dio;
(5795 missing values generated)

.         /********************************************************/
>         /* Now generate the time-in-office variables for the    */
>         /* Chiozza and Goemens data set in order to add them    */
>         /* to the selection equation and test BDMS's sixth      */
>         /* hypothesis.                                          */
>         /********************************************************/
> 
> generat tennew  = year - year(eindate) + (1/365) * (365 - doy(eindate));
(1 missing value generated)

. generat tennewA = tennew*autoc;
(1 missing value generated)

. generat tennewL  = log(tennew);
(1 missing value generated)

. generat tennewAL = tennewL*autoc;
(1 missing value generated)

.         /********************************************************/
>         /* This creates the updated democracy*log tenure        */
>         /* interaction for the leadure tenure equation. See     */
>         /* The readme file for more info on this variable.      */
>         /********************************************************/
> 
> generat tendem_fix = democ*tenl;
(5795 missing values generated)

. summarize;

    Variable |       Obs        Mean    Std. Dev.       Min        Max
-------------+--------------------------------------------------------
      leadid |      5871    1693.391    922.2554         25       3038
     leader2 |         0
       ccode |      5872    384.7125    253.1504          2        950
     eindate |      5871   -4561.912    6061.056     -22402       5824
    eoutdate |      5871   -858.8542    7264.744     -14917      15340
-------------+--------------------------------------------------------
        fail |      5871    .2025209    .4019125          0          1
    natdeath |      5871    .1200818    .3250848          0          1
        year |      5872    1951.252    16.80298       1919       1975
    startobs |      5871    -3153.61    6129.728     -14975       5824
      endobs |      5871   -2864.994    6144.556     -14917       5843
-------------+--------------------------------------------------------
       autoc |      5871    .3128939     .463711          0          1
       mixed |      5871    .3743826    .4840043          0          1
       democ |      5871    .3127236    .4636423          0          1
  parliament |      5871    .2447624    .4299829          0          1
     demparl |      5871    .2149549     .410826          0          1
-------------+--------------------------------------------------------
     dempres |      5871    .0977687    .2970269          0          1
      civwar |      5871    .0430932    .2030842          0          1
     lnencap |      5485   -.9639719    1.890653     -9.055      2.951
    encapchg |      5315    4.062582    22.51552   -367.208    307.161
    lntropen |      5426    -1.61964     1.35438     -9.808      3.966
-------------+--------------------------------------------------------
   tropenchg |      5204    1.979316    44.08484   -878.689    825.807
       lnpop |      5871    8.836936    1.493728      4.804     13.737
        male |      5871    .9948901    .0713065          0          1
         age |      5857    55.61123    11.64904         17        101
    powtimes |      5871    .1739056    .4927831          0          4
-------------+--------------------------------------------------------
      inyear |      5871    1946.979    16.59021       1898       1975
     inmonth |      5871     6.96372    3.512675          1         12
       inday |      5871    13.67297    9.557342          1         31
       inten |      5871   -4561.912    6061.056     -22402       5824
      tenure |      5871   -6513.168    6045.139     -24322       3849
-------------+--------------------------------------------------------
        name |         0
      rnmwar |        77    22.32052    32.37223         .2      122.7
      rdeath |        77    177870.7    890590.7         10    7500000
     rdeadnm |        77    6386.183    19431.05        5.2   160599.6
       rdpop |        77    38.51299    101.5874          0      555.6
-------------+--------------------------------------------------------
       warin |        77    1951.778    16.56044   1919.123   1974.551
      warout |        77    1953.614    16.54716   1919.592   1975.334
      leadin |        77    1946.199    16.88065   1917.855   1974.537
     leadout |        77    1957.134    17.46128   1919.523   1993.196
    leadborn |        77    1896.165    20.83147     1855.5     1935.5
-------------+--------------------------------------------------------
     rnoncon |        77    .1558442     .365086          0          1
       rinit |        77    .3116883    .4662205          0          1
        rwin |        77    .4805195    .5028966          0          1
     rtarget |        77    .2467532    .4339489          0          1
        coup |        77    .6103896    1.053264          0          4
-------------+--------------------------------------------------------
         leg |        57    1.754386    1.056962          0          3
          fi |        77           0           0          0          0
       rcoal |        77    .4805195    .5028966          0          1
          n1 |        77    161.1169    31.27424        107        228
        draw |        77    .0649351    1.004433         -1          1
-------------+--------------------------------------------------------
        demo |        77    4.376623    3.927095          0         10
        iwin |        77    .3376623    .4760139          0          1
       ilose |        77    .1818182    .3882238          0          1
        twin |        77    .1948052    .3986477          0          1
       tlose |        77    .2857143    .4547163          0          1
-------------+--------------------------------------------------------
       demot |        77    .8311688    .9090567          0          2
       onset |        77    .5584416    .4998291          0          1
         dio |        77    .7142857    .4547163          0          1
         tie |        77           0           0          0          0
         ten |        77    5.578423    6.321571          0   27.15076
-------------+--------------------------------------------------------
        demd |        77    .3506494    .4803024          0          1
      rdpopl |        77    1.790418    1.780019          0   6.321847
      leader |         0
       wsurv |        77    5.357483    6.345304       .001   25.77004
        ncon |        77    1.207792     .546223          1          4
-------------+--------------------------------------------------------
        tenl |        77    1.431944    .9745431          0   3.337574
       surv1 |        77    5.356483    6.345304          0   25.76904
        surv |        77    5.356483    6.345304          0   25.76904
        cens |        77    .3116883    .4662205          0          1
      tendem |        77    .3635031    .6716844          0   2.783651
-------------+--------------------------------------------------------
       _surv |        77    .5157743    .2766283   .0662156   .9895288
      _vlogs |        77    .0130604    .0194774   .0000554   .1245826
    logt_adj |        77   -.5984477    1.935022  -8.136562   2.020406
     loglogs |        77   -.6357222     1.17596  -4.553866   .9987326
        logt |        77    .6303595    1.935022  -6.907755   3.249213
-------------+--------------------------------------------------------
        test |        77    1.034757    2.768089          0   15.17798
       test1 |        77    5.366483    6.345304        .01   25.77904
       losed |        77    .1038961    .3071266          0          1
       losea |        77    .4155844    .4960542          0          1
        lose |        77    .5194805    .5028966          0          1
-------------+--------------------------------------------------------
      select |        77           1           0          1          1
        link |        77    40.58442    37.08005          0        110
         cap |      5868    .0121495     .034623    .000014    .380213
      majpow |      5871    .0757963    .2646944          0          1
     stateab |         0
-------------+--------------------------------------------------------
       total |      5508    5.260349    2.925833          1         20
        land |      5508    3.251452    2.160222          0         13
         sea |      5508    2.008896    2.097001          0         10
      nondem |      5871    .6872764    .4636423          0          1
    autocten |      5871   -4513.759    5840.927     -24322       3839
-------------+--------------------------------------------------------
       enter |      5872    .0131131    .1137688          0          1
    rtcensor |        77    .2857143    .4547163          0          1
      tennew |      5871    4.743899    5.413059   .0027397   36.75069
     tennewA |      5871    2.490605    5.456667          0   36.75069
     tennewL |      5871    .8957283    1.319425  -5.899897   3.604157
-------------+--------------------------------------------------------
    tennewAL |      5871    .4797011    1.001341  -5.899897   3.604157
  tendem_fix |        77    .3197498    .6604936          0   2.783651

. keep wsurv tenl democ tendem rdpopl rwin enter democ autoc tennewL tennewAL te
> nnew tennewA
>         total majpow lntropen rtcensor ccode dio year tendem_fix;

. label data "Boehmke, Morey and Shannon (2006) - leader duration in office with
>  selection.";

.   label variable tenl           "Log tenure in office - post crisis leaders";

.   label variable tendem         "Log tenure in office - post crisis democratic
>  leaders";

.   label variable tendem_fix     "Adjusted tendem - uses Jaggers and Gurr democ
> racies";

.   label variable majpow         "Major power (Small and Singer)";

.   label variable total          "Total bordering countries (COW)";

.   label variable enter          "Leader begins a war in the current year";

.   label variable rtcensor       "Leader dies before post-crisis tenure ends";

.   label variable tennew         "Tenure in office - all leaders";

.   label variable tennewA        "Tenure in office - all autocratic leaders";

.   label variable tennewL        "Log tenure in office - all leaders";

.   label variable tennewAL       "Log tenure in office - all autocratic leaders
> ";

.   compress;
  ccode was float now int
  dio was float now byte
  enter was float now byte
  rtcensor was float now byte
  (64,592 bytes saved)

.   summarize;

    Variable |       Obs        Mean    Std. Dev.       Min        Max
-------------+--------------------------------------------------------
       ccode |      5872    384.7125    253.1504          2        950
        year |      5872    1951.252    16.80298       1919       1975
       autoc |      5871    .3128939     .463711          0          1
       democ |      5871    .3127236    .4636423          0          1
    lntropen |      5426    -1.61964     1.35438     -9.808      3.966
-------------+--------------------------------------------------------
        rwin |        77    .4805195    .5028966          0          1
         dio |        77    .7142857    .4547163          0          1
      rdpopl |        77    1.790418    1.780019          0   6.321847
       wsurv |        77    5.357483    6.345304       .001   25.77004
        tenl |        77    1.431944    .9745431          0   3.337574
-------------+--------------------------------------------------------
      tendem |        77    .3635031    .6716844          0   2.783651
      majpow |      5871    .0757963    .2646944          0          1
       total |      5508    5.260349    2.925833          1         20
       enter |      5872    .0131131    .1137688          0          1
    rtcensor |        77    .2857143    .4547163          0          1
-------------+--------------------------------------------------------
      tennew |      5871    4.743899    5.413059   .0027397   36.75069
     tennewA |      5871    2.490605    5.456667          0   36.75069
     tennewL |      5871    .8957283    1.319425  -5.899897   3.604157
    tennewAL |      5871    .4797011    1.001341  -5.899897   3.604157
  tendem_fix |        77    .3197498    .6604936          0   2.783651

. save bms2006ajps-mkdata, replace;
(note: file bms2006ajps-mkdata.dta not found)
file bms2006ajps-mkdata.dta saved

. log close;
      name:  <unnamed>
       log:  D:\Documents\R\Statistics and Econometrics\DurationModelsWithSample
> Selection\bms2006ajps-mkdata.log
  log type:  text
 closed on:  30 Aug 2016, 08:29:15
--------------------------------------------------------------------------------
